CRITICAL - 2020-09-20 13:10:12 --> Invalid file: add_user.php
#0 C:\xampp\htdocs\codeigniter-crud-example\vendor\codeigniter4\framework\system\View\View.php(228): CodeIgniter\Exceptions\FrameworkException::forInvalidFile('add_user.php')
#1 C:\xampp\htdocs\codeigniter-crud-example\vendor\codeigniter4\framework\system\Common.php(1119): CodeIgniter\View\View->render('add_user', Array, true)
#2 C:\xampp\htdocs\codeigniter-crud-example\app\Controllers\UserCrud.php(17): view('add_user')
#3 C:\xampp\htdocs\codeigniter-crud-example\vendor\codeigniter4\framework\system\CodeIgniter.php(918): App\Controllers\UserCrud->create()
#4 C:\xampp\htdocs\codeigniter-crud-example\vendor\codeigniter4\framework\system\CodeIgniter.php(404): CodeIgniter\CodeIgniter->runController(Object(App\Controllers\UserCrud))
#5 C:\xampp\htdocs\codeigniter-crud-example\vendor\codeigniter4\framework\system\CodeIgniter.php(312): CodeIgniter\CodeIgniter->handleRequest(NULL, Object(Config\Cache), false)
#6 C:\xampp\htdocs\codeigniter-crud-example\public\index.php(45): CodeIgniter\CodeIgniter->run()
#7 C:\xampp\htdocs\codeigniter-crud-example\vendor\codeigniter4\framework\system\Commands\Server\rewrite.php(34): require_once('C:\\xampp\\htdocs...')
#8 {main}
CRITICAL - 2020-09-20 13:11:57 --> Invalid file: edit_user.php
#0 C:\xampp\htdocs\codeigniter-crud-example\vendor\codeigniter4\framework\system\View\View.php(228): CodeIgniter\Exceptions\FrameworkException::forInvalidFile('edit_user.php')
#1 C:\xampp\htdocs\codeigniter-crud-example\vendor\codeigniter4\framework\system\Common.php(1119): CodeIgniter\View\View->render('edit_user', Array, true)
#2 C:\xampp\htdocs\codeigniter-crud-example\app\Controllers\UserCrud.php(35): view('edit_user', Array)
#3 C:\xampp\htdocs\codeigniter-crud-example\vendor\codeigniter4\framework\system\CodeIgniter.php(918): App\Controllers\UserCrud->singleUser('1')
#4 C:\xampp\htdocs\codeigniter-crud-example\vendor\codeigniter4\framework\system\CodeIgniter.php(404): CodeIgniter\CodeIgniter->runController(Object(App\Controllers\UserCrud))
#5 C:\xampp\htdocs\codeigniter-crud-example\vendor\codeigniter4\framework\system\CodeIgniter.php(312): CodeIgniter\CodeIgniter->handleRequest(NULL, Object(Config\Cache), false)
#6 C:\xampp\htdocs\codeigniter-crud-example\public\index.php(45): CodeIgniter\CodeIgniter->run()
#7 C:\xampp\htdocs\codeigniter-crud-example\vendor\codeigniter4\framework\system\Commands\Server\rewrite.php(34): require_once('C:\\xampp\\htdocs...')
#8 {main}
CRITICAL - 2020-09-20 13:18:37 --> Invalid file: add_user.php
#0 C:\xampp\htdocs\codeigniter-crud-example\vendor\codeigniter4\framework\system\View\View.php(228): CodeIgniter\Exceptions\FrameworkException::forInvalidFile('add_user.php')
#1 C:\xampp\htdocs\codeigniter-crud-example\vendor\codeigniter4\framework\system\Common.php(1119): CodeIgniter\View\View->render('add_user', Array, true)
#2 C:\xampp\htdocs\codeigniter-crud-example\app\Controllers\UserCrud.php(17): view('add_user')
#3 C:\xampp\htdocs\codeigniter-crud-example\vendor\codeigniter4\framework\system\CodeIgniter.php(918): App\Controllers\UserCrud->create()
#4 C:\xampp\htdocs\codeigniter-crud-example\vendor\codeigniter4\framework\system\CodeIgniter.php(404): CodeIgniter\CodeIgniter->runController(Object(App\Controllers\UserCrud))
#5 C:\xampp\htdocs\codeigniter-crud-example\vendor\codeigniter4\framework\system\CodeIgniter.php(312): CodeIgniter\CodeIgniter->handleRequest(NULL, Object(Config\Cache), false)
#6 C:\xampp\htdocs\codeigniter-crud-example\public\index.php(45): CodeIgniter\CodeIgniter->run()
#7 C:\xampp\htdocs\codeigniter-crud-example\vendor\codeigniter4\framework\system\Commands\Server\rewrite.php(34): require_once('C:\\xampp\\htdocs...')
#8 {main}
CRITICAL - 2020-09-20 13:19:21 --> Invalid file: edit_user.php
#0 C:\xampp\htdocs\codeigniter-crud-example\vendor\codeigniter4\framework\system\View\View.php(228): CodeIgniter\Exceptions\FrameworkException::forInvalidFile('edit_user.php')
#1 C:\xampp\htdocs\codeigniter-crud-example\vendor\codeigniter4\framework\system\Common.php(1119): CodeIgniter\View\View->render('edit_user', Array, true)
#2 C:\xampp\htdocs\codeigniter-crud-example\app\Controllers\UserCrud.php(35): view('edit_user', Array)
#3 C:\xampp\htdocs\codeigniter-crud-example\vendor\codeigniter4\framework\system\CodeIgniter.php(918): App\Controllers\UserCrud->singleUser('2')
#4 C:\xampp\htdocs\codeigniter-crud-example\vendor\codeigniter4\framework\system\CodeIgniter.php(404): CodeIgniter\CodeIgniter->runController(Object(App\Controllers\UserCrud))
#5 C:\xampp\htdocs\codeigniter-crud-example\vendor\codeigniter4\framework\system\CodeIgniter.php(312): CodeIgniter\CodeIgniter->handleRequest(NULL, Object(Config\Cache), false)
#6 C:\xampp\htdocs\codeigniter-crud-example\public\index.php(45): CodeIgniter\CodeIgniter->run()
#7 C:\xampp\htdocs\codeigniter-crud-example\vendor\codeigniter4\framework\system\Commands\Server\rewrite.php(34): require_once('C:\\xampp\\htdocs...')
#8 {main}
CRITICAL - 2020-09-20 13:23:01 --> Invalid file: edit_user.php
#0 C:\xampp\htdocs\codeigniter-crud-example\vendor\codeigniter4\framework\system\View\View.php(228): CodeIgniter\Exceptions\FrameworkException::forInvalidFile('edit_user.php')
#1 C:\xampp\htdocs\codeigniter-crud-example\vendor\codeigniter4\framework\system\Common.php(1119): CodeIgniter\View\View->render('edit_user', Array, true)
#2 C:\xampp\htdocs\codeigniter-crud-example\app\Controllers\UserCrud.php(35): view('edit_user', Array)
#3 C:\xampp\htdocs\codeigniter-crud-example\vendor\codeigniter4\framework\system\CodeIgniter.php(918): App\Controllers\UserCrud->singleUser('8')
#4 C:\xampp\htdocs\codeigniter-crud-example\vendor\codeigniter4\framework\system\CodeIgniter.php(404): CodeIgniter\CodeIgniter->runController(Object(App\Controllers\UserCrud))
#5 C:\xampp\htdocs\codeigniter-crud-example\vendor\codeigniter4\framework\system\CodeIgniter.php(312): CodeIgniter\CodeIgniter->handleRequest(NULL, Object(Config\Cache), false)
#6 C:\xampp\htdocs\codeigniter-crud-example\public\index.php(45): CodeIgniter\CodeIgniter->run()
#7 C:\xampp\htdocs\codeigniter-crud-example\vendor\codeigniter4\framework\system\Commands\Server\rewrite.php(34): require_once('C:\\xampp\\htdocs...')
#8 {main}
CRITICAL - 2020-09-20 13:28:06 --> Invalid file: edit_user.php
#0 C:\xampp\htdocs\codeigniter-crud-example\vendor\codeigniter4\framework\system\View\View.php(228): CodeIgniter\Exceptions\FrameworkException::forInvalidFile('edit_user.php')
#1 C:\xampp\htdocs\codeigniter-crud-example\vendor\codeigniter4\framework\system\Common.php(1119): CodeIgniter\View\View->render('edit_user', Array, true)
#2 C:\xampp\htdocs\codeigniter-crud-example\app\Controllers\UserCrud.php(35): view('edit_user', Array)
#3 C:\xampp\htdocs\codeigniter-crud-example\vendor\codeigniter4\framework\system\CodeIgniter.php(918): App\Controllers\UserCrud->singleUser('7')
#4 C:\xampp\htdocs\codeigniter-crud-example\vendor\codeigniter4\framework\system\CodeIgniter.php(404): CodeIgniter\CodeIgniter->runController(Object(App\Controllers\UserCrud))
#5 C:\xampp\htdocs\codeigniter-crud-example\vendor\codeigniter4\framework\system\CodeIgniter.php(312): CodeIgniter\CodeIgniter->handleRequest(NULL, Object(Config\Cache), false)
#6 C:\xampp\htdocs\codeigniter-crud-example\public\index.php(45): CodeIgniter\CodeIgniter->run()
#7 C:\xampp\htdocs\codeigniter-crud-example\vendor\codeigniter4\framework\system\Commands\Server\rewrite.php(34): require_once('C:\\xampp\\htdocs...')
#8 {main}
CRITICAL - 2020-09-20 13:28:41 --> Invalid file: edit_user.php
#0 C:\xampp\htdocs\codeigniter-crud-example\vendor\codeigniter4\framework\system\View\View.php(228): CodeIgniter\Exceptions\FrameworkException::forInvalidFile('edit_user.php')
#1 C:\xampp\htdocs\codeigniter-crud-example\vendor\codeigniter4\framework\system\Common.php(1119): CodeIgniter\View\View->render('edit_user', Array, true)
#2 C:\xampp\htdocs\codeigniter-crud-example\app\Controllers\UserCrud.php(35): view('edit_user', Array)
#3 C:\xampp\htdocs\codeigniter-crud-example\vendor\codeigniter4\framework\system\CodeIgniter.php(918): App\Controllers\UserCrud->singleUser('2')
#4 C:\xampp\htdocs\codeigniter-crud-example\vendor\codeigniter4\framework\system\CodeIgniter.php(404): CodeIgniter\CodeIgniter->runController(Object(App\Controllers\UserCrud))
#5 C:\xampp\htdocs\codeigniter-crud-example\vendor\codeigniter4\framework\system\CodeIgniter.php(312): CodeIgniter\CodeIgniter->handleRequest(NULL, Object(Config\Cache), false)
#6 C:\xampp\htdocs\codeigniter-crud-example\public\index.php(45): CodeIgniter\CodeIgniter->run()
#7 C:\xampp\htdocs\codeigniter-crud-example\vendor\codeigniter4\framework\system\Commands\Server\rewrite.php(34): require_once('C:\\xampp\\htdocs...')
#8 {main}
CRITICAL - 2020-09-20 13:32:40 --> Invalid file: edit_user.php
#0 C:\xampp\htdocs\codeigniter-crud-example\vendor\codeigniter4\framework\system\View\View.php(228): CodeIgniter\Exceptions\FrameworkException::forInvalidFile('edit_user.php')
#1 C:\xampp\htdocs\codeigniter-crud-example\vendor\codeigniter4\framework\system\Common.php(1119): CodeIgniter\View\View->render('edit_user', Array, true)
#2 C:\xampp\htdocs\codeigniter-crud-example\app\Controllers\UserCrud.php(35): view('edit_user', Array)
#3 C:\xampp\htdocs\codeigniter-crud-example\vendor\codeigniter4\framework\system\CodeIgniter.php(918): App\Controllers\UserCrud->singleUser('3')
#4 C:\xampp\htdocs\codeigniter-crud-example\vendor\codeigniter4\framework\system\CodeIgniter.php(404): CodeIgniter\CodeIgniter->runController(Object(App\Controllers\UserCrud))
#5 C:\xampp\htdocs\codeigniter-crud-example\vendor\codeigniter4\framework\system\CodeIgniter.php(312): CodeIgniter\CodeIgniter->handleRequest(NULL, Object(Config\Cache), false)
#6 C:\xampp\htdocs\codeigniter-crud-example\public\index.php(45): CodeIgniter\CodeIgniter->run()
#7 C:\xampp\htdocs\codeigniter-crud-example\vendor\codeigniter4\framework\system\Commands\Server\rewrite.php(34): require_once('C:\\xampp\\htdocs...')
#8 {main}
CRITICAL - 2020-09-20 13:32:46 --> Invalid file: edit_user.php
#0 C:\xampp\htdocs\codeigniter-crud-example\vendor\codeigniter4\framework\system\View\View.php(228): CodeIgniter\Exceptions\FrameworkException::forInvalidFile('edit_user.php')
#1 C:\xampp\htdocs\codeigniter-crud-example\vendor\codeigniter4\framework\system\Common.php(1119): CodeIgniter\View\View->render('edit_user', Array, true)
#2 C:\xampp\htdocs\codeigniter-crud-example\app\Controllers\UserCrud.php(35): view('edit_user', Array)
#3 C:\xampp\htdocs\codeigniter-crud-example\vendor\codeigniter4\framework\system\CodeIgniter.php(918): App\Controllers\UserCrud->singleUser('8')
#4 C:\xampp\htdocs\codeigniter-crud-example\vendor\codeigniter4\framework\system\CodeIgniter.php(404): CodeIgniter\CodeIgniter->runController(Object(App\Controllers\UserCrud))
#5 C:\xampp\htdocs\codeigniter-crud-example\vendor\codeigniter4\framework\system\CodeIgniter.php(312): CodeIgniter\CodeIgniter->handleRequest(NULL, Object(Config\Cache), false)
#6 C:\xampp\htdocs\codeigniter-crud-example\public\index.php(45): CodeIgniter\CodeIgniter->run()
#7 C:\xampp\htdocs\codeigniter-crud-example\vendor\codeigniter4\framework\system\Commands\Server\rewrite.php(34): require_once('C:\\xampp\\htdocs...')
#8 {main}
CRITICAL - 2020-09-20 13:32:50 --> Invalid file: edit_user.php
#0 C:\xampp\htdocs\codeigniter-crud-example\vendor\codeigniter4\framework\system\View\View.php(228): CodeIgniter\Exceptions\FrameworkException::forInvalidFile('edit_user.php')
#1 C:\xampp\htdocs\codeigniter-crud-example\vendor\codeigniter4\framework\system\Common.php(1119): CodeIgniter\View\View->render('edit_user', Array, true)
#2 C:\xampp\htdocs\codeigniter-crud-example\app\Controllers\UserCrud.php(35): view('edit_user', Array)
#3 C:\xampp\htdocs\codeigniter-crud-example\vendor\codeigniter4\framework\system\CodeIgniter.php(918): App\Controllers\UserCrud->singleUser('8')
#4 C:\xampp\htdocs\codeigniter-crud-example\vendor\codeigniter4\framework\system\CodeIgniter.php(404): CodeIgniter\CodeIgniter->runController(Object(App\Controllers\UserCrud))
#5 C:\xampp\htdocs\codeigniter-crud-example\vendor\codeigniter4\framework\system\CodeIgniter.php(312): CodeIgniter\CodeIgniter->handleRequest(NULL, Object(Config\Cache), false)
#6 C:\xampp\htdocs\codeigniter-crud-example\public\index.php(45): CodeIgniter\CodeIgniter->run()
#7 C:\xampp\htdocs\codeigniter-crud-example\vendor\codeigniter4\framework\system\Commands\Server\rewrite.php(34): require_once('C:\\xampp\\htdocs...')
#8 {main}
CRITICAL - 2020-09-20 13:32:51 --> Invalid file: edit_user.php
#0 C:\xampp\htdocs\codeigniter-crud-example\vendor\codeigniter4\framework\system\View\View.php(228): CodeIgniter\Exceptions\FrameworkException::forInvalidFile('edit_user.php')
#1 C:\xampp\htdocs\codeigniter-crud-example\vendor\codeigniter4\framework\system\Common.php(1119): CodeIgniter\View\View->render('edit_user', Array, true)
#2 C:\xampp\htdocs\codeigniter-crud-example\app\Controllers\UserCrud.php(35): view('edit_user', Array)
#3 C:\xampp\htdocs\codeigniter-crud-example\vendor\codeigniter4\framework\system\CodeIgniter.php(918): App\Controllers\UserCrud->singleUser('8')
#4 C:\xampp\htdocs\codeigniter-crud-example\vendor\codeigniter4\framework\system\CodeIgniter.php(404): CodeIgniter\CodeIgniter->runController(Object(App\Controllers\UserCrud))
#5 C:\xampp\htdocs\codeigniter-crud-example\vendor\codeigniter4\framework\system\CodeIgniter.php(312): CodeIgniter\CodeIgniter->handleRequest(NULL, Object(Config\Cache), false)
#6 C:\xampp\htdocs\codeigniter-crud-example\public\index.php(45): CodeIgniter\CodeIgniter->run()
#7 C:\xampp\htdocs\codeigniter-crud-example\vendor\codeigniter4\framework\system\Commands\Server\rewrite.php(34): require_once('C:\\xampp\\htdocs...')
#8 {main}
CRITICAL - 2020-09-20 13:32:52 --> Invalid file: edit_user.php
#0 C:\xampp\htdocs\codeigniter-crud-example\vendor\codeigniter4\framework\system\View\View.php(228): CodeIgniter\Exceptions\FrameworkException::forInvalidFile('edit_user.php')
#1 C:\xampp\htdocs\codeigniter-crud-example\vendor\codeigniter4\framework\system\Common.php(1119): CodeIgniter\View\View->render('edit_user', Array, true)
#2 C:\xampp\htdocs\codeigniter-crud-example\app\Controllers\UserCrud.php(35): view('edit_user', Array)
#3 C:\xampp\htdocs\codeigniter-crud-example\vendor\codeigniter4\framework\system\CodeIgniter.php(918): App\Controllers\UserCrud->singleUser('8')
#4 C:\xampp\htdocs\codeigniter-crud-example\vendor\codeigniter4\framework\system\CodeIgniter.php(404): CodeIgniter\CodeIgniter->runController(Object(App\Controllers\UserCrud))
#5 C:\xampp\htdocs\codeigniter-crud-example\vendor\codeigniter4\framework\system\CodeIgniter.php(312): CodeIgniter\CodeIgniter->handleRequest(NULL, Object(Config\Cache), false)
#6 C:\xampp\htdocs\codeigniter-crud-example\public\index.php(45): CodeIgniter\CodeIgniter->run()
#7 C:\xampp\htdocs\codeigniter-crud-example\vendor\codeigniter4\framework\system\Commands\Server\rewrite.php(34): require_once('C:\\xampp\\htdocs...')
#8 {main}
CRITICAL - 2020-09-20 13:33:14 --> Invalid file: edit_user.php
#0 C:\xampp\htdocs\codeigniter-crud-example\vendor\codeigniter4\framework\system\View\View.php(228): CodeIgniter\Exceptions\FrameworkException::forInvalidFile('edit_user.php')
#1 C:\xampp\htdocs\codeigniter-crud-example\vendor\codeigniter4\framework\system\Common.php(1119): CodeIgniter\View\View->render('edit_user', Array, true)
#2 C:\xampp\htdocs\codeigniter-crud-example\app\Controllers\UserCrud.php(35): view('edit_user', Array)
#3 C:\xampp\htdocs\codeigniter-crud-example\vendor\codeigniter4\framework\system\CodeIgniter.php(918): App\Controllers\UserCrud->singleUser('8')
#4 C:\xampp\htdocs\codeigniter-crud-example\vendor\codeigniter4\framework\system\CodeIgniter.php(404): CodeIgniter\CodeIgniter->runController(Object(App\Controllers\UserCrud))
#5 C:\xampp\htdocs\codeigniter-crud-example\vendor\codeigniter4\framework\system\CodeIgniter.php(312): CodeIgniter\CodeIgniter->handleRequest(NULL, Object(Config\Cache), false)
#6 C:\xampp\htdocs\codeigniter-crud-example\public\index.php(45): CodeIgniter\CodeIgniter->run()
#7 C:\xampp\htdocs\codeigniter-crud-example\vendor\codeigniter4\framework\system\Commands\Server\rewrite.php(34): require_once('C:\\xampp\\htdocs...')
#8 {main}
CRITICAL - 2020-09-20 13:33:17 --> Invalid file: edit_user.php
#0 C:\xampp\htdocs\codeigniter-crud-example\vendor\codeigniter4\framework\system\View\View.php(228): CodeIgniter\Exceptions\FrameworkException::forInvalidFile('edit_user.php')
#1 C:\xampp\htdocs\codeigniter-crud-example\vendor\codeigniter4\framework\system\Common.php(1119): CodeIgniter\View\View->render('edit_user', Array, true)
#2 C:\xampp\htdocs\codeigniter-crud-example\app\Controllers\UserCrud.php(35): view('edit_user', Array)
#3 C:\xampp\htdocs\codeigniter-crud-example\vendor\codeigniter4\framework\system\CodeIgniter.php(918): App\Controllers\UserCrud->singleUser('6')
#4 C:\xampp\htdocs\codeigniter-crud-example\vendor\codeigniter4\framework\system\CodeIgniter.php(404): CodeIgniter\CodeIgniter->runController(Object(App\Controllers\UserCrud))
#5 C:\xampp\htdocs\codeigniter-crud-example\vendor\codeigniter4\framework\system\CodeIgniter.php(312): CodeIgniter\CodeIgniter->handleRequest(NULL, Object(Config\Cache), false)
#6 C:\xampp\htdocs\codeigniter-crud-example\public\index.php(45): CodeIgniter\CodeIgniter->run()
#7 C:\xampp\htdocs\codeigniter-crud-example\vendor\codeigniter4\framework\system\Commands\Server\rewrite.php(34): require_once('C:\\xampp\\htdocs...')
#8 {main}
CRITICAL - 2020-09-20 13:43:01 --> Invalid file: edit_user.php
#0 C:\xampp\htdocs\codeigniter-crud-example\vendor\codeigniter4\framework\system\View\View.php(228): CodeIgniter\Exceptions\FrameworkException::forInvalidFile('edit_user.php')
#1 C:\xampp\htdocs\codeigniter-crud-example\vendor\codeigniter4\framework\system\Common.php(1119): CodeIgniter\View\View->render('edit_user', Array, true)
#2 C:\xampp\htdocs\codeigniter-crud-example\app\Controllers\UserCrud.php(35): view('edit_user', Array)
#3 C:\xampp\htdocs\codeigniter-crud-example\vendor\codeigniter4\framework\system\CodeIgniter.php(918): App\Controllers\UserCrud->singleUser('2')
#4 C:\xampp\htdocs\codeigniter-crud-example\vendor\codeigniter4\framework\system\CodeIgniter.php(404): CodeIgniter\CodeIgniter->runController(Object(App\Controllers\UserCrud))
#5 C:\xampp\htdocs\codeigniter-crud-example\vendor\codeigniter4\framework\system\CodeIgniter.php(312): CodeIgniter\CodeIgniter->handleRequest(NULL, Object(Config\Cache), false)
#6 C:\xampp\htdocs\codeigniter-crud-example\public\index.php(45): CodeIgniter\CodeIgniter->run()
#7 C:\xampp\htdocs\codeigniter-crud-example\vendor\codeigniter4\framework\system\Commands\Server\rewrite.php(34): require_once('C:\\xampp\\htdocs...')
#8 {main}
CRITICAL - 2020-09-20 14:52:17 --> Invalid file: edit_user.php
#0 C:\xampp\htdocs\codeigniter-crud-example\vendor\codeigniter4\framework\system\View\View.php(228): CodeIgniter\Exceptions\FrameworkException::forInvalidFile('edit_user.php')
#1 C:\xampp\htdocs\codeigniter-crud-example\vendor\codeigniter4\framework\system\Common.php(1119): CodeIgniter\View\View->render('edit_user', Array, true)
#2 C:\xampp\htdocs\codeigniter-crud-example\app\Controllers\UserCrud.php(35): view('edit_user', Array)
#3 C:\xampp\htdocs\codeigniter-crud-example\vendor\codeigniter4\framework\system\CodeIgniter.php(918): App\Controllers\UserCrud->singleUser('2')
#4 C:\xampp\htdocs\codeigniter-crud-example\vendor\codeigniter4\framework\system\CodeIgniter.php(404): CodeIgniter\CodeIgniter->runController(Object(App\Controllers\UserCrud))
#5 C:\xampp\htdocs\codeigniter-crud-example\vendor\codeigniter4\framework\system\CodeIgniter.php(312): CodeIgniter\CodeIgniter->handleRequest(NULL, Object(Config\Cache), false)
#6 C:\xampp\htdocs\codeigniter-crud-example\public\index.php(45): CodeIgniter\CodeIgniter->run()
#7 C:\xampp\htdocs\codeigniter-crud-example\vendor\codeigniter4\framework\system\Commands\Server\rewrite.php(34): require_once('C:\\xampp\\htdocs...')
#8 {main}
CRITICAL - 2020-09-20 15:24:57 --> Invalid file: edit_user.php
#0 C:\xampp\htdocs\codeigniter-crud-example\vendor\codeigniter4\framework\system\View\View.php(228): CodeIgniter\Exceptions\FrameworkException::forInvalidFile('edit_user.php')
#1 C:\xampp\htdocs\codeigniter-crud-example\vendor\codeigniter4\framework\system\Common.php(1119): CodeIgniter\View\View->render('edit_user', Array, true)
#2 C:\xampp\htdocs\codeigniter-crud-example\app\Controllers\UserCrud.php(35): view('edit_user', Array)
#3 C:\xampp\htdocs\codeigniter-crud-example\vendor\codeigniter4\framework\system\CodeIgniter.php(918): App\Controllers\UserCrud->singleUser('2')
#4 C:\xampp\htdocs\codeigniter-crud-example\vendor\codeigniter4\framework\system\CodeIgniter.php(404): CodeIgniter\CodeIgniter->runController(Object(App\Controllers\UserCrud))
#5 C:\xampp\htdocs\codeigniter-crud-example\vendor\codeigniter4\framework\system\CodeIgniter.php(312): CodeIgniter\CodeIgniter->handleRequest(NULL, Object(Config\Cache), false)
#6 C:\xampp\htdocs\codeigniter-crud-example\public\index.php(45): CodeIgniter\CodeIgniter->run()
#7 C:\xampp\htdocs\codeigniter-crud-example\vendor\codeigniter4\framework\system\Commands\Server\rewrite.php(34): require_once('C:\\xampp\\htdocs...')
#8 {main}
CRITICAL - 2020-09-20 15:26:27 --> Invalid file: edit_user.php
#0 C:\xampp\htdocs\codeigniter-crud-example\vendor\codeigniter4\framework\system\View\View.php(228): CodeIgniter\Exceptions\FrameworkException::forInvalidFile('edit_user.php')
#1 C:\xampp\htdocs\codeigniter-crud-example\vendor\codeigniter4\framework\system\Common.php(1119): CodeIgniter\View\View->render('edit_user', Array, true)
#2 C:\xampp\htdocs\codeigniter-crud-example\app\Controllers\UserCrud.php(35): view('edit_user', Array)
#3 C:\xampp\htdocs\codeigniter-crud-example\vendor\codeigniter4\framework\system\CodeIgniter.php(918): App\Controllers\UserCrud->singleUser('2')
#4 C:\xampp\htdocs\codeigniter-crud-example\vendor\codeigniter4\framework\system\CodeIgniter.php(404): CodeIgniter\CodeIgniter->runController(Object(App\Controllers\UserCrud))
#5 C:\xampp\htdocs\codeigniter-crud-example\vendor\codeigniter4\framework\system\CodeIgniter.php(312): CodeIgniter\CodeIgniter->handleRequest(NULL, Object(Config\Cache), false)
#6 C:\xampp\htdocs\codeigniter-crud-example\public\index.php(45): CodeIgniter\CodeIgniter->run()
#7 C:\xampp\htdocs\codeigniter-crud-example\vendor\codeigniter4\framework\system\Commands\Server\rewrite.php(34): require_once('C:\\xampp\\htdocs...')
#8 {main}
